<?xml version="1.0" encoding="UTF-8"?>
<!-- Generated by org.testng.reporters.JUnitXMLReporter -->
<testsuite ignored="0" hostname="LAPTOP-2OFMSJ0A" failures="5" tests="7" name="Test" time="114.565" errors="0" timestamp="2022-10-10T12:32:07 IST">
  <testcase classname="com.SauceDemo.TestClasses.TC01_VerifyLoginFunctionalityByMouse" name="loginFunctionality2" time="0.07"/>
  <testcase classname="com.SauceDemo.TestClasses.TC01_VerifyLoginFunctionality" name="verifyLoginFunctionality" time="0.059"/>
  <testcase classname="com.SauceDemo.TestClasses.TC02_VerifyLogoutFunctionality" name="VerifyLogoutFunctionality" time="0.055">
    <failure type="org.openqa.selenium.UnsupportedCommandException" message="getElementDomAttribute
Build info: version: &amp;apos;4.1.1&amp;apos;, revision: &amp;apos;e8fcc2cecf&amp;apos;
System info: host: &amp;apos;LAPTOP-2OFMSJ0A&amp;apos;, ip: &amp;apos;192.168.0.105&amp;apos;, os.name: &amp;apos;Windows 10&amp;apos;, os.arch: &amp;apos;amd64&amp;apos;, os.version: &amp;apos;10.0&amp;apos;, java.version: &amp;apos;17.0.3&amp;apos;
Driver info: org.openqa.selenium.opera.OperaDriver
Command: [a15598e7a2aa2fc47944c0d9ae345627, getElementDomAttribute {id=0.5968034512766118-5, name=multiple}]
Capabilities {acceptInsecureCerts: false, acceptSslCerts: false, browserConnectionEnabled: false, browserName: opera, cssSelectorsEnabled: true, databaseEnabled: false, goog:chromeOptions: {debuggerAddress: localhost:49696}, handlesAlerts: true, hasTouchScreen: false, javascriptEnabled: true, locationContextEnabled: true, mobileEmulationEnabled: false, nativeEvents: true, networkConnectionEnabled: false, opera: {operadriverVersion: 105.0.5195.102 (4c16f5ffcc2..., userDataDir: C:\Users\Rakesh\AppData\Loc...}, pageLoadStrategy: normal, platform: WINDOWS, platformName: WINDOWS, proxy: Proxy(), rotatable: false, setWindowRect: true, strictFileInteractability: false, takesHeapSnapshot: true, takesScreenshot: true, timeouts: {implicit: 0, pageLoad: 300000, script: 30000}, unexpectedAlertBehaviour: ignore, unhandledPromptBehavior: ignore, version: 105.0.5195.127, webStorageEnabled: true, webauthn:extension:credBlob: true, webauthn:extension:largeBlob: true, webauthn:virtualAuthenticators: true}
Element: [[OperaDriver: opera on WINDOWS (a15598e7a2aa2fc47944c0d9ae345627)] -&amp;gt; xpath: //select[@class=&amp;apos;product_sort_container&amp;apos;]]
Session ID: a15598e7a2aa2fc47944c0d9ae345627">
      <![CDATA[org.openqa.selenium.UnsupportedCommandException: getElementDomAttribute
Build info: version: '4.1.1', revision: 'e8fcc2cecf'
System info: host: 'LAPTOP-2OFMSJ0A', ip: '192.168.0.105', os.name: 'Windows 10', os.arch: 'amd64', os.version: '10.0', java.version: '17.0.3'
Driver info: org.openqa.selenium.opera.OperaDriver
Command: [a15598e7a2aa2fc47944c0d9ae345627, getElementDomAttribute {id=0.5968034512766118-5, name=multiple}]
Capabilities {acceptInsecureCerts: false, acceptSslCerts: false, browserConnectionEnabled: false, browserName: opera, cssSelectorsEnabled: true, databaseEnabled: false, goog:chromeOptions: {debuggerAddress: localhost:49696}, handlesAlerts: true, hasTouchScreen: false, javascriptEnabled: true, locationContextEnabled: true, mobileEmulationEnabled: false, nativeEvents: true, networkConnectionEnabled: false, opera: {operadriverVersion: 105.0.5195.102 (4c16f5ffcc2..., userDataDir: C:\Users\Rakesh\AppData\Loc...}, pageLoadStrategy: normal, platform: WINDOWS, platformName: WINDOWS, proxy: Proxy(), rotatable: false, setWindowRect: true, strictFileInteractability: false, takesHeapSnapshot: true, takesScreenshot: true, timeouts: {implicit: 0, pageLoad: 300000, script: 30000}, unexpectedAlertBehaviour: ignore, unhandledPromptBehavior: ignore, version: 105.0.5195.127, webStorageEnabled: true, webauthn:extension:credBlob: true, webauthn:extension:largeBlob: true, webauthn:virtualAuthenticators: true}
Element: [[OperaDriver: opera on WINDOWS (a15598e7a2aa2fc47944c0d9ae345627)] -> xpath: //select[@class='product_sort_container']]
Session ID: a15598e7a2aa2fc47944c0d9ae345627
at org.openqa.selenium.remote.codec.AbstractHttpCommandCodec.encode(AbstractHttpCommandCodec.java:250)
at org.openqa.selenium.remote.codec.AbstractHttpCommandCodec.encode(AbstractHttpCommandCodec.java:127)
at org.openqa.selenium.remote.HttpCommandExecutor.execute(HttpCommandExecutor.java:172)
at org.openqa.selenium.remote.service.DriverCommandExecutor.invokeExecute(DriverCommandExecutor.java:167)
at org.openqa.selenium.remote.service.DriverCommandExecutor.execute(DriverCommandExecutor.java:142)
at org.openqa.selenium.remote.RemoteWebDriver.execute(RemoteWebDriver.java:543)
at org.openqa.selenium.remote.RemoteWebElement.execute(RemoteWebElement.java:251)
at org.openqa.selenium.remote.RemoteWebElement.getDomAttribute(RemoteWebElement.java:145)
at org.openqa.selenium.support.pagefactory.internal.LocatingElementHandler.invoke(LocatingElementHandler.java:52)
at jdk.proxy2/jdk.proxy2.$Proxy18.getDomAttribute(Unknown Source)
at org.openqa.selenium.support.ui.Select.<init>(Select.java:54)
at com.SauceDemo.POMClass.HomePagePOMClass.<init>(HomePagePOMClass.java:25)
at com.SauceDemo.TestClasses.TC02_VerifyLogoutFunctionality.VerifyLogoutFunctionality(TC02_VerifyLogoutFunctionality.java:19)
at java.base/java.util.ArrayList.forEach(ArrayList.java:1511)
... Removed 31 stack frames]]>
    </failure>
  </testcase> <!-- VerifyLogoutFunctionality -->
  <testcase classname="com.SauceDemo.TestClasses.TC03_VerifySortingFunctionality" name="VerifySortingFunctionality" time="0.06">
    <failure type="org.openqa.selenium.UnsupportedCommandException" message="getElementDomAttribute
Build info: version: &amp;apos;4.1.1&amp;apos;, revision: &amp;apos;e8fcc2cecf&amp;apos;
System info: host: &amp;apos;LAPTOP-2OFMSJ0A&amp;apos;, ip: &amp;apos;192.168.0.105&amp;apos;, os.name: &amp;apos;Windows 10&amp;apos;, os.arch: &amp;apos;amd64&amp;apos;, os.version: &amp;apos;10.0&amp;apos;, java.version: &amp;apos;17.0.3&amp;apos;
Driver info: org.openqa.selenium.opera.OperaDriver
Command: [0201a7b4d0466acf9020b0cc3ca11d79, getElementDomAttribute {id=0.0476933026528199-5, name=multiple}]
Capabilities {acceptInsecureCerts: false, acceptSslCerts: false, browserConnectionEnabled: false, browserName: opera, cssSelectorsEnabled: true, databaseEnabled: false, goog:chromeOptions: {debuggerAddress: localhost:49727}, handlesAlerts: true, hasTouchScreen: false, javascriptEnabled: true, locationContextEnabled: true, mobileEmulationEnabled: false, nativeEvents: true, networkConnectionEnabled: false, opera: {operadriverVersion: 105.0.5195.102 (4c16f5ffcc2..., userDataDir: C:\Users\Rakesh\AppData\Loc...}, pageLoadStrategy: normal, platform: WINDOWS, platformName: WINDOWS, proxy: Proxy(), rotatable: false, setWindowRect: true, strictFileInteractability: false, takesHeapSnapshot: true, takesScreenshot: true, timeouts: {implicit: 0, pageLoad: 300000, script: 30000}, unexpectedAlertBehaviour: ignore, unhandledPromptBehavior: ignore, version: 105.0.5195.127, webStorageEnabled: true, webauthn:extension:credBlob: true, webauthn:extension:largeBlob: true, webauthn:virtualAuthenticators: true}
Element: [[OperaDriver: opera on WINDOWS (0201a7b4d0466acf9020b0cc3ca11d79)] -&amp;gt; xpath: //select[@class=&amp;apos;product_sort_container&amp;apos;]]
Session ID: 0201a7b4d0466acf9020b0cc3ca11d79">
      <![CDATA[org.openqa.selenium.UnsupportedCommandException: getElementDomAttribute
Build info: version: '4.1.1', revision: 'e8fcc2cecf'
System info: host: 'LAPTOP-2OFMSJ0A', ip: '192.168.0.105', os.name: 'Windows 10', os.arch: 'amd64', os.version: '10.0', java.version: '17.0.3'
Driver info: org.openqa.selenium.opera.OperaDriver
Command: [0201a7b4d0466acf9020b0cc3ca11d79, getElementDomAttribute {id=0.0476933026528199-5, name=multiple}]
Capabilities {acceptInsecureCerts: false, acceptSslCerts: false, browserConnectionEnabled: false, browserName: opera, cssSelectorsEnabled: true, databaseEnabled: false, goog:chromeOptions: {debuggerAddress: localhost:49727}, handlesAlerts: true, hasTouchScreen: false, javascriptEnabled: true, locationContextEnabled: true, mobileEmulationEnabled: false, nativeEvents: true, networkConnectionEnabled: false, opera: {operadriverVersion: 105.0.5195.102 (4c16f5ffcc2..., userDataDir: C:\Users\Rakesh\AppData\Loc...}, pageLoadStrategy: normal, platform: WINDOWS, platformName: WINDOWS, proxy: Proxy(), rotatable: false, setWindowRect: true, strictFileInteractability: false, takesHeapSnapshot: true, takesScreenshot: true, timeouts: {implicit: 0, pageLoad: 300000, script: 30000}, unexpectedAlertBehaviour: ignore, unhandledPromptBehavior: ignore, version: 105.0.5195.127, webStorageEnabled: true, webauthn:extension:credBlob: true, webauthn:extension:largeBlob: true, webauthn:virtualAuthenticators: true}
Element: [[OperaDriver: opera on WINDOWS (0201a7b4d0466acf9020b0cc3ca11d79)] -> xpath: //select[@class='product_sort_container']]
Session ID: 0201a7b4d0466acf9020b0cc3ca11d79
at org.openqa.selenium.remote.codec.AbstractHttpCommandCodec.encode(AbstractHttpCommandCodec.java:250)
at org.openqa.selenium.remote.codec.AbstractHttpCommandCodec.encode(AbstractHttpCommandCodec.java:127)
at org.openqa.selenium.remote.HttpCommandExecutor.execute(HttpCommandExecutor.java:172)
at org.openqa.selenium.remote.service.DriverCommandExecutor.invokeExecute(DriverCommandExecutor.java:167)
at org.openqa.selenium.remote.service.DriverCommandExecutor.execute(DriverCommandExecutor.java:142)
at org.openqa.selenium.remote.RemoteWebDriver.execute(RemoteWebDriver.java:543)
at org.openqa.selenium.remote.RemoteWebElement.execute(RemoteWebElement.java:251)
at org.openqa.selenium.remote.RemoteWebElement.getDomAttribute(RemoteWebElement.java:145)
at org.openqa.selenium.support.pagefactory.internal.LocatingElementHandler.invoke(LocatingElementHandler.java:52)
at jdk.proxy2/jdk.proxy2.$Proxy18.getDomAttribute(Unknown Source)
at org.openqa.selenium.support.ui.Select.<init>(Select.java:54)
at com.SauceDemo.POMClass.HomePagePOMClass.<init>(HomePagePOMClass.java:25)
at com.SauceDemo.TestClasses.TC03_VerifySortingFunctionality.VerifySortingFunctionality(TC03_VerifySortingFunctionality.java:15)
at java.base/java.util.ArrayList.forEach(ArrayList.java:1511)
... Removed 31 stack frames]]>
    </failure>
  </testcase> <!-- VerifySortingFunctionality -->
  <testcase classname="com.SauceDemo.TestClasses.TC04_VerifyAddtoCartFunctionality" name="VerifyAddtoCartFunctionality" time="0.05">
    <failure type="org.openqa.selenium.UnsupportedCommandException" message="getElementDomAttribute
Build info: version: &amp;apos;4.1.1&amp;apos;, revision: &amp;apos;e8fcc2cecf&amp;apos;
System info: host: &amp;apos;LAPTOP-2OFMSJ0A&amp;apos;, ip: &amp;apos;192.168.0.105&amp;apos;, os.name: &amp;apos;Windows 10&amp;apos;, os.arch: &amp;apos;amd64&amp;apos;, os.version: &amp;apos;10.0&amp;apos;, java.version: &amp;apos;17.0.3&amp;apos;
Driver info: org.openqa.selenium.opera.OperaDriver
Command: [af0374a44f6002b5f9635bd92932b7c4, getElementDomAttribute {id=0.4071463906839097-5, name=multiple}]
Capabilities {acceptInsecureCerts: false, acceptSslCerts: false, browserConnectionEnabled: false, browserName: opera, cssSelectorsEnabled: true, databaseEnabled: false, goog:chromeOptions: {debuggerAddress: localhost:49771}, handlesAlerts: true, hasTouchScreen: false, javascriptEnabled: true, locationContextEnabled: true, mobileEmulationEnabled: false, nativeEvents: true, networkConnectionEnabled: false, opera: {operadriverVersion: 105.0.5195.102 (4c16f5ffcc2..., userDataDir: C:\Users\Rakesh\AppData\Loc...}, pageLoadStrategy: normal, platform: WINDOWS, platformName: WINDOWS, proxy: Proxy(), rotatable: false, setWindowRect: true, strictFileInteractability: false, takesHeapSnapshot: true, takesScreenshot: true, timeouts: {implicit: 0, pageLoad: 300000, script: 30000}, unexpectedAlertBehaviour: ignore, unhandledPromptBehavior: ignore, version: 105.0.5195.127, webStorageEnabled: true, webauthn:extension:credBlob: true, webauthn:extension:largeBlob: true, webauthn:virtualAuthenticators: true}
Element: [[OperaDriver: opera on WINDOWS (af0374a44f6002b5f9635bd92932b7c4)] -&amp;gt; xpath: //select[@class=&amp;apos;product_sort_container&amp;apos;]]
Session ID: af0374a44f6002b5f9635bd92932b7c4">
      <![CDATA[org.openqa.selenium.UnsupportedCommandException: getElementDomAttribute
Build info: version: '4.1.1', revision: 'e8fcc2cecf'
System info: host: 'LAPTOP-2OFMSJ0A', ip: '192.168.0.105', os.name: 'Windows 10', os.arch: 'amd64', os.version: '10.0', java.version: '17.0.3'
Driver info: org.openqa.selenium.opera.OperaDriver
Command: [af0374a44f6002b5f9635bd92932b7c4, getElementDomAttribute {id=0.4071463906839097-5, name=multiple}]
Capabilities {acceptInsecureCerts: false, acceptSslCerts: false, browserConnectionEnabled: false, browserName: opera, cssSelectorsEnabled: true, databaseEnabled: false, goog:chromeOptions: {debuggerAddress: localhost:49771}, handlesAlerts: true, hasTouchScreen: false, javascriptEnabled: true, locationContextEnabled: true, mobileEmulationEnabled: false, nativeEvents: true, networkConnectionEnabled: false, opera: {operadriverVersion: 105.0.5195.102 (4c16f5ffcc2..., userDataDir: C:\Users\Rakesh\AppData\Loc...}, pageLoadStrategy: normal, platform: WINDOWS, platformName: WINDOWS, proxy: Proxy(), rotatable: false, setWindowRect: true, strictFileInteractability: false, takesHeapSnapshot: true, takesScreenshot: true, timeouts: {implicit: 0, pageLoad: 300000, script: 30000}, unexpectedAlertBehaviour: ignore, unhandledPromptBehavior: ignore, version: 105.0.5195.127, webStorageEnabled: true, webauthn:extension:credBlob: true, webauthn:extension:largeBlob: true, webauthn:virtualAuthenticators: true}
Element: [[OperaDriver: opera on WINDOWS (af0374a44f6002b5f9635bd92932b7c4)] -> xpath: //select[@class='product_sort_container']]
Session ID: af0374a44f6002b5f9635bd92932b7c4
at org.openqa.selenium.remote.codec.AbstractHttpCommandCodec.encode(AbstractHttpCommandCodec.java:250)
at org.openqa.selenium.remote.codec.AbstractHttpCommandCodec.encode(AbstractHttpCommandCodec.java:127)
at org.openqa.selenium.remote.HttpCommandExecutor.execute(HttpCommandExecutor.java:172)
at org.openqa.selenium.remote.service.DriverCommandExecutor.invokeExecute(DriverCommandExecutor.java:167)
at org.openqa.selenium.remote.service.DriverCommandExecutor.execute(DriverCommandExecutor.java:142)
at org.openqa.selenium.remote.RemoteWebDriver.execute(RemoteWebDriver.java:543)
at org.openqa.selenium.remote.RemoteWebElement.execute(RemoteWebElement.java:251)
at org.openqa.selenium.remote.RemoteWebElement.getDomAttribute(RemoteWebElement.java:145)
at org.openqa.selenium.support.pagefactory.internal.LocatingElementHandler.invoke(LocatingElementHandler.java:52)
at jdk.proxy2/jdk.proxy2.$Proxy18.getDomAttribute(Unknown Source)
at org.openqa.selenium.support.ui.Select.<init>(Select.java:54)
at com.SauceDemo.POMClass.HomePagePOMClass.<init>(HomePagePOMClass.java:25)
at com.SauceDemo.TestClasses.TC04_VerifyAddtoCartFunctionality.VerifyAddtoCartFunctionality(TC04_VerifyAddtoCartFunctionality.java:28)
at java.base/java.util.ArrayList.forEach(ArrayList.java:1511)
... Removed 31 stack frames]]>
    </failure>
  </testcase> <!-- VerifyAddtoCartFunctionality -->
  <testcase classname="com.SauceDemo.TestClasses.TC05_VerifyAllProductAddtoCartFunctionality" name="VerifyAllProductAddtoCartFunctionality" time="0.042">
    <failure type="org.openqa.selenium.UnsupportedCommandException" message="getElementDomAttribute
Build info: version: &amp;apos;4.1.1&amp;apos;, revision: &amp;apos;e8fcc2cecf&amp;apos;
System info: host: &amp;apos;LAPTOP-2OFMSJ0A&amp;apos;, ip: &amp;apos;192.168.0.105&amp;apos;, os.name: &amp;apos;Windows 10&amp;apos;, os.arch: &amp;apos;amd64&amp;apos;, os.version: &amp;apos;10.0&amp;apos;, java.version: &amp;apos;17.0.3&amp;apos;
Driver info: org.openqa.selenium.opera.OperaDriver
Command: [0e955b8f4b54855d165da9790a51e360, getElementDomAttribute {id=0.27309291931498847-5, name=multiple}]
Capabilities {acceptInsecureCerts: false, acceptSslCerts: false, browserConnectionEnabled: false, browserName: opera, cssSelectorsEnabled: true, databaseEnabled: false, goog:chromeOptions: {debuggerAddress: localhost:49817}, handlesAlerts: true, hasTouchScreen: false, javascriptEnabled: true, locationContextEnabled: true, mobileEmulationEnabled: false, nativeEvents: true, networkConnectionEnabled: false, opera: {operadriverVersion: 105.0.5195.102 (4c16f5ffcc2..., userDataDir: C:\Users\Rakesh\AppData\Loc...}, pageLoadStrategy: normal, platform: WINDOWS, platformName: WINDOWS, proxy: Proxy(), rotatable: false, setWindowRect: true, strictFileInteractability: false, takesHeapSnapshot: true, takesScreenshot: true, timeouts: {implicit: 0, pageLoad: 300000, script: 30000}, unexpectedAlertBehaviour: ignore, unhandledPromptBehavior: ignore, version: 105.0.5195.127, webStorageEnabled: true, webauthn:extension:credBlob: true, webauthn:extension:largeBlob: true, webauthn:virtualAuthenticators: true}
Element: [[OperaDriver: opera on WINDOWS (0e955b8f4b54855d165da9790a51e360)] -&amp;gt; xpath: //select[@class=&amp;apos;product_sort_container&amp;apos;]]
Session ID: 0e955b8f4b54855d165da9790a51e360">
      <![CDATA[org.openqa.selenium.UnsupportedCommandException: getElementDomAttribute
Build info: version: '4.1.1', revision: 'e8fcc2cecf'
System info: host: 'LAPTOP-2OFMSJ0A', ip: '192.168.0.105', os.name: 'Windows 10', os.arch: 'amd64', os.version: '10.0', java.version: '17.0.3'
Driver info: org.openqa.selenium.opera.OperaDriver
Command: [0e955b8f4b54855d165da9790a51e360, getElementDomAttribute {id=0.27309291931498847-5, name=multiple}]
Capabilities {acceptInsecureCerts: false, acceptSslCerts: false, browserConnectionEnabled: false, browserName: opera, cssSelectorsEnabled: true, databaseEnabled: false, goog:chromeOptions: {debuggerAddress: localhost:49817}, handlesAlerts: true, hasTouchScreen: false, javascriptEnabled: true, locationContextEnabled: true, mobileEmulationEnabled: false, nativeEvents: true, networkConnectionEnabled: false, opera: {operadriverVersion: 105.0.5195.102 (4c16f5ffcc2..., userDataDir: C:\Users\Rakesh\AppData\Loc...}, pageLoadStrategy: normal, platform: WINDOWS, platformName: WINDOWS, proxy: Proxy(), rotatable: false, setWindowRect: true, strictFileInteractability: false, takesHeapSnapshot: true, takesScreenshot: true, timeouts: {implicit: 0, pageLoad: 300000, script: 30000}, unexpectedAlertBehaviour: ignore, unhandledPromptBehavior: ignore, version: 105.0.5195.127, webStorageEnabled: true, webauthn:extension:credBlob: true, webauthn:extension:largeBlob: true, webauthn:virtualAuthenticators: true}
Element: [[OperaDriver: opera on WINDOWS (0e955b8f4b54855d165da9790a51e360)] -> xpath: //select[@class='product_sort_container']]
Session ID: 0e955b8f4b54855d165da9790a51e360
at org.openqa.selenium.remote.codec.AbstractHttpCommandCodec.encode(AbstractHttpCommandCodec.java:250)
at org.openqa.selenium.remote.codec.AbstractHttpCommandCodec.encode(AbstractHttpCommandCodec.java:127)
at org.openqa.selenium.remote.HttpCommandExecutor.execute(HttpCommandExecutor.java:172)
at org.openqa.selenium.remote.service.DriverCommandExecutor.invokeExecute(DriverCommandExecutor.java:167)
at org.openqa.selenium.remote.service.DriverCommandExecutor.execute(DriverCommandExecutor.java:142)
at org.openqa.selenium.remote.RemoteWebDriver.execute(RemoteWebDriver.java:543)
at org.openqa.selenium.remote.RemoteWebElement.execute(RemoteWebElement.java:251)
at org.openqa.selenium.remote.RemoteWebElement.getDomAttribute(RemoteWebElement.java:145)
at org.openqa.selenium.support.pagefactory.internal.LocatingElementHandler.invoke(LocatingElementHandler.java:52)
at jdk.proxy2/jdk.proxy2.$Proxy18.getDomAttribute(Unknown Source)
at org.openqa.selenium.support.ui.Select.<init>(Select.java:54)
at com.SauceDemo.POMClass.HomePagePOMClass.<init>(HomePagePOMClass.java:25)
at com.SauceDemo.TestClasses.TC05_VerifyAllProductAddtoCartFunctionality.VerifyAllProductAddtoCartFunctionality(TC05_VerifyAllProductAddtoCartFunctionality.java:18)
at java.base/java.util.ArrayList.forEach(ArrayList.java:1511)
... Removed 31 stack frames]]>
    </failure>
  </testcase> <!-- VerifyAllProductAddtoCartFunctionality -->
  <testcase classname="com.SauceDemo.TestClasses.TC06_VerifyRemoveProductFunctionality" name="TRemoveProductFunctionality" time="0.057">
    <failure type="org.openqa.selenium.UnsupportedCommandException" message="getElementDomAttribute
Build info: version: &amp;apos;4.1.1&amp;apos;, revision: &amp;apos;e8fcc2cecf&amp;apos;
System info: host: &amp;apos;LAPTOP-2OFMSJ0A&amp;apos;, ip: &amp;apos;192.168.0.105&amp;apos;, os.name: &amp;apos;Windows 10&amp;apos;, os.arch: &amp;apos;amd64&amp;apos;, os.version: &amp;apos;10.0&amp;apos;, java.version: &amp;apos;17.0.3&amp;apos;
Driver info: org.openqa.selenium.opera.OperaDriver
Command: [d8f39940b25f24a0b6a93870bc90e841, getElementDomAttribute {id=0.3529417584777941-5, name=multiple}]
Capabilities {acceptInsecureCerts: false, acceptSslCerts: false, browserConnectionEnabled: false, browserName: opera, cssSelectorsEnabled: true, databaseEnabled: false, goog:chromeOptions: {debuggerAddress: localhost:49849}, handlesAlerts: true, hasTouchScreen: false, javascriptEnabled: true, locationContextEnabled: true, mobileEmulationEnabled: false, nativeEvents: true, networkConnectionEnabled: false, opera: {operadriverVersion: 105.0.5195.102 (4c16f5ffcc2..., userDataDir: C:\Users\Rakesh\AppData\Loc...}, pageLoadStrategy: normal, platform: WINDOWS, platformName: WINDOWS, proxy: Proxy(), rotatable: false, setWindowRect: true, strictFileInteractability: false, takesHeapSnapshot: true, takesScreenshot: true, timeouts: {implicit: 0, pageLoad: 300000, script: 30000}, unexpectedAlertBehaviour: ignore, unhandledPromptBehavior: ignore, version: 105.0.5195.127, webStorageEnabled: true, webauthn:extension:credBlob: true, webauthn:extension:largeBlob: true, webauthn:virtualAuthenticators: true}
Element: [[OperaDriver: opera on WINDOWS (d8f39940b25f24a0b6a93870bc90e841)] -&amp;gt; xpath: //select[@class=&amp;apos;product_sort_container&amp;apos;]]
Session ID: d8f39940b25f24a0b6a93870bc90e841">
      <![CDATA[org.openqa.selenium.UnsupportedCommandException: getElementDomAttribute
Build info: version: '4.1.1', revision: 'e8fcc2cecf'
System info: host: 'LAPTOP-2OFMSJ0A', ip: '192.168.0.105', os.name: 'Windows 10', os.arch: 'amd64', os.version: '10.0', java.version: '17.0.3'
Driver info: org.openqa.selenium.opera.OperaDriver
Command: [d8f39940b25f24a0b6a93870bc90e841, getElementDomAttribute {id=0.3529417584777941-5, name=multiple}]
Capabilities {acceptInsecureCerts: false, acceptSslCerts: false, browserConnectionEnabled: false, browserName: opera, cssSelectorsEnabled: true, databaseEnabled: false, goog:chromeOptions: {debuggerAddress: localhost:49849}, handlesAlerts: true, hasTouchScreen: false, javascriptEnabled: true, locationContextEnabled: true, mobileEmulationEnabled: false, nativeEvents: true, networkConnectionEnabled: false, opera: {operadriverVersion: 105.0.5195.102 (4c16f5ffcc2..., userDataDir: C:\Users\Rakesh\AppData\Loc...}, pageLoadStrategy: normal, platform: WINDOWS, platformName: WINDOWS, proxy: Proxy(), rotatable: false, setWindowRect: true, strictFileInteractability: false, takesHeapSnapshot: true, takesScreenshot: true, timeouts: {implicit: 0, pageLoad: 300000, script: 30000}, unexpectedAlertBehaviour: ignore, unhandledPromptBehavior: ignore, version: 105.0.5195.127, webStorageEnabled: true, webauthn:extension:credBlob: true, webauthn:extension:largeBlob: true, webauthn:virtualAuthenticators: true}
Element: [[OperaDriver: opera on WINDOWS (d8f39940b25f24a0b6a93870bc90e841)] -> xpath: //select[@class='product_sort_container']]
Session ID: d8f39940b25f24a0b6a93870bc90e841
at org.openqa.selenium.remote.codec.AbstractHttpCommandCodec.encode(AbstractHttpCommandCodec.java:250)
at org.openqa.selenium.remote.codec.AbstractHttpCommandCodec.encode(AbstractHttpCommandCodec.java:127)
at org.openqa.selenium.remote.HttpCommandExecutor.execute(HttpCommandExecutor.java:172)
at org.openqa.selenium.remote.service.DriverCommandExecutor.invokeExecute(DriverCommandExecutor.java:167)
at org.openqa.selenium.remote.service.DriverCommandExecutor.execute(DriverCommandExecutor.java:142)
at org.openqa.selenium.remote.RemoteWebDriver.execute(RemoteWebDriver.java:543)
at org.openqa.selenium.remote.RemoteWebElement.execute(RemoteWebElement.java:251)
at org.openqa.selenium.remote.RemoteWebElement.getDomAttribute(RemoteWebElement.java:145)
at org.openqa.selenium.support.pagefactory.internal.LocatingElementHandler.invoke(LocatingElementHandler.java:52)
at jdk.proxy2/jdk.proxy2.$Proxy18.getDomAttribute(Unknown Source)
at org.openqa.selenium.support.ui.Select.<init>(Select.java:54)
at com.SauceDemo.POMClass.HomePagePOMClass.<init>(HomePagePOMClass.java:25)
at com.SauceDemo.TestClasses.TC06_VerifyRemoveProductFunctionality.TRemoveProductFunctionality(TC06_VerifyRemoveProductFunctionality.java:16)
at java.base/java.util.ArrayList.forEach(ArrayList.java:1511)
... Removed 31 stack frames]]>
    </failure>
  </testcase> <!-- TRemoveProductFunctionality -->
</testsuite> <!-- Test -->
